  stdafx.cpp
  SceneState.cpp
  Scene.cpp
  Player.cpp
  MainScene.cpp
  main.cpp
  LoginScene.cpp
  JUtil.cpp
c:\users\home\desktop\임상규\cproject\50_2주차과제\jutil.cpp(7): warning C4838: 'int'에서 'SHORT'(으)로의 변환에는 축소 변환이 필요합니다.
  GameScene.cpp
  GameObject.cpp
  EndScene.cpp
  Control.cpp
c:\users\home\desktop\임상규\cproject\50_2주차과제\control.cpp(18): warning C4996: 'kbhit': The POSIX name for this item is deprecated. Instead, use the ISO C and C++ conformant name: _kbhit. See online help for details.
  c:\program files (x86)\windows kits\10\include\10.0.10240.0\ucrt\conio.h(458): note: 'kbhit' 선언을 참조하십시오.
c:\users\home\desktop\임상규\cproject\50_2주차과제\control.cpp(20): warning C4996: 'getch': The POSIX name for this item is deprecated. Instead, use the ISO C and C++ conformant name: _getch. See online help for details.
  c:\program files (x86)\windows kits\10\include\10.0.10240.0\ucrt\conio.h(452): note: 'getch' 선언을 참조하십시오.
  Block.cpp
  코드를 생성하고 있습니다...
c:\users\home\desktop\임상규\cproject\50_2주차과제\gamescene.cpp(104): warning C4715: 'CGameScene::Delay': 모든 제어 경로에서 값을 반환하지는 않습니다.
  50_2주차과제.vcxproj -> C:\Users\Home\Desktop\임상규\Debug\50_2주차과제.exe
